Arguments: 
  /nix/store/k53g8m7l6asykhqaa9daij95dhbn5x3k-nodejs-8.15.1/bin/node /etc/profiles/per-user/pbb/bin/yarn add @material/mwc-tab-bar

PATH: 
  /home/pbb/bin:/run/wrappers/bin:/home/pbb/.nix-profile/bin:/nix/var/nix/profiles/default/bin:/run/current-system/sw/bin:/etc/profiles/per-user/pbb/bin

Yarn version: 
  1.15.2

Node version: 
  8.15.1

Platform: 
  linux x64

Trace: 
  Error: https://registry.yarnpkg.com/@material%2fmwc-tab-bar: Not found
      at Request.params.callback [as _callback] (/nix/store/qib6gms9lagnzn81sxm71xyg92nwv0aa-yarn-1.15.2/libexec/yarn/lib/cli.js:66058:18)
      at Request.self.callback (/nix/store/qib6gms9lagnzn81sxm71xyg92nwv0aa-yarn-1.15.2/libexec/yarn/lib/cli.js:129541:22)
      at emitTwo (events.js:126:13)
      at Request.emit (events.js:214:7)
      at Request.<anonymous> (/nix/store/qib6gms9lagnzn81sxm71xyg92nwv0aa-yarn-1.15.2/libexec/yarn/lib/cli.js:130513:10)
      at emitOne (events.js:116:13)
      at Request.emit (events.js:211:7)
      at IncomingMessage.<anonymous> (/nix/store/qib6gms9lagnzn81sxm71xyg92nwv0aa-yarn-1.15.2/libexec/yarn/lib/cli.js:130435:12)
      at Object.onceWrapper (events.js:313:30)
      at emitNone (events.js:111:20)

npm manifest: 
  {
    "name": "valetudo-client",
    "version": "0.3.1",
    "devDependencies": {
      "rollup": "^1.10.1",
      "rollup-plugin-resolve": "^0.0.1-predev.1",
      "rollup-plugin-terser": "^4.0.4"
    },
    "dependencies": {
      "@material/mwc-fab": "^0.5.0"
    }
  }

yarn manifest: 
  No manifest

Lockfile: 
  # THIS IS AN AUTOGENERATED FILE. DO NOT EDIT THIS FILE DIRECTLY.
  # yarn lockfile v1
  
  
  "@babel/code-frame@^7.0.0":
    version "7.0.0"
    resolved "https://registry.yarnpkg.com/@babel/code-frame/-/code-frame-7.0.0.tgz#06e2ab19bdb535385559aabb5ba59729482800f8"
    integrity sha512-OfC2uemaknXr87bdLUkWog7nYuliM9Ij5HUcajsVcMCpQrcLmtxRbVFTIqmcSkSeYRBFBRxs2FiUqFJDLdiebA==
    dependencies:
      "@babel/highlight" "^7.0.0"
  
  "@babel/highlight@^7.0.0":
    version "7.0.0"
    resolved "https://registry.yarnpkg.com/@babel/highlight/-/highlight-7.0.0.tgz#f710c38c8d458e6dd9a201afb637fcb781ce99e4"
    integrity sha512-UFMC4ZeFC48Tpvj7C8UgLvtkaUuovQX+5xNWrsIoMG8o2z+XFKjKaN9iVmS84dPwVN00W4wPmqvYoZF3EGAsfw==
    dependencies:
      chalk "^2.0.0"
      esutils "^2.0.2"
      js-tokens "^4.0.0"
  
  "@material/animation@^1.0.0":
    version "1.0.0"
    resolved "https://registry.yarnpkg.com/@material/animation/-/animation-1.0.0.tgz#dfd8575c8b031203917dc838ac0e3c0fe0f6709b"
    integrity sha512-Ed5/vggn6ZhSJ87yn3ZS1d826VJNFz73jHF2bSsgRtHDoB8KCuOwQMfdgAgDa4lKDF6CDIPCKBZPKrs2ubehdw==
    dependencies:
      tslib "^1.9.3"
  
  "@material/base@^1.0.0":
    version "1.0.0"
    resolved "https://registry.yarnpkg.com/@material/base/-/base-1.0.0.tgz#e4ef0b22c54aa887af94f5988fb1c0cb3245beba"
    integrity sha512-5dxFp46x5FA+Epg6YHLzN+5zRt9S2wR84UdvVAEJ1egea94m9UHUg7y9tAnNSN16aexRSywmzyLwPr+i8PGEYA==
    dependencies:
      tslib "^1.9.3"
  
  "@material/dom@^1.1.0":
    version "1.1.0"
    resolved "https://registry.yarnpkg.com/@material/dom/-/dom-1.1.0.tgz#3bd3d1a3415b4181118fecb182d93beda56a6f8c"
    integrity sha512-+HWW38ZaM2UBPu4+7QCusLDSf4tFT31rsEXHkTkxYSg/QpDivfPx6YDz4OmYtafmhPR1d1YjqB3MYysUHdodyw==
    dependencies:
      tslib "^1.9.3"
  
  "@material/elevation@^1.1.0":
    version "1.1.0"
    resolved "https://registry.yarnpkg.com/@material/elevation/-/elevation-1.1.0.tgz#def23c360ae067b43c1632a331b9883b9f679cc5"
    integrity sha512-m4eATJvDhWK1BT+yA1iHz5mhAk8cV9olC4mjVzm4PTAqhDH2yya4WzjN1HPVHE/a65ObyZ7V4qopxu9MRocm3A==
    dependencies:
      "@material/animation" "^1.0.0"
      "@material/feature-targeting" "^0.44.1"
      "@material/theme" "^1.1.0"
  
  "@material/fab@^1.0.0":
    version "1.1.1"
    resolved "https://registry.yarnpkg.com/@material/fab/-/fab-1.1.1.tgz#1c8cb818b76ed30d6abb2f667c7df359300fec0d"
    integrity sha512-6q9F61LIpakeHDninWI4VNLBQhvcyVcS5p1nrPdPDT60IW/lE5iQy7RKivaiMINVaQ0NZDzW1LjCgI5v063cLQ==
    dependencies:
      "@material/animation" "^1.0.0"
      "@material/elevation" "^1.1.0"
      "@material/feature-targeting" "^0.44.1"
      "@material/ripple" "^1.1.0"
      "@material/rtl" "^0.42.0"
      "@material/shape" "^1.1.1"
      "@material/theme" "^1.1.0"
      "@material/typography" "^1.0.0"
  
  "@material/feature-targeting@^0.44.1":
    version "0.44.1"
    resolved "https://registry.yarnpkg.com/@material/feature-targeting/-/feature-targeting-0.44.1.tgz#afafc80294e5efab94bee31a187273d43d34979a"
    integrity sha512-90cc7njn4aHbH9UxY8qgZth1W5JgOgcEdWdubH1t7sFkwqFxS5g3zgxSBt46TygFBVIXNZNq35Xmg80wgqO7Pg==
  
  "@material/mwc-base@^0.5.0":
    version "0.5.0"
    resolved "https://registry.yarnpkg.com/@material/mwc-base/-/mwc-base-0.5.0.tgz#21f9f237acea444b07a0fb1dfd45d30ef8f62374"
    integrity sha512-G0n5LCmeXs9QR/ptHgUmV043wUVN2Uq1CWxUeGisGEPCI5e/mt9ISk5/7MubO25yF9muQeQXxXdRt/kFc7xGCg==
    dependencies:
      "@material/base" "^1.0.0"
      lit-element "^2.0.1"
      lit-html "^1.0.0"
  
  "@material/mwc-fab@^0.5.0":
    version "0.5.0"
    resolved "https://registry.yarnpkg.com/@material/mwc-fab/-/mwc-fab-0.5.0.tgz#2e9b3f2e9dc7cb8e55c5bc6640d557606c8d8c7f"
    integrity sha512-JqnoON6GuZUPokXFNcAJ/CiMVwzG95nvRYiVSW3TJRl/PCCpNCcc7QwodKDlf8dL64NX27/p1FgYlXAys9I3Ow==
    dependencies:
      "@material/fab" "^1.0.0"
      "@material/mwc-base" "^0.5.0"
      "@material/mwc-icon" "^0.5.0"
      "@material/mwc-ripple" "^0.5.0"
  
  "@material/mwc-icon@^0.5.0":
    version "0.5.0"
    resolved "https://registry.yarnpkg.com/@material/mwc-icon/-/mwc-icon-0.5.0.tgz#432a1c5b7d817f1d04341b3c4bb8ef514cbd8cb6"
    integrity sha512-vDzNc3sYPm9I5cG//TiYM5BTt3zW283zC8F5mx2rmtK3E7/UXRZmT6b94rv9em7mEUv86DedYPzCzND8oXctxA==
    dependencies:
      "@material/mwc-base" "^0.5.0"
  
  "@material/mwc-ripple@^0.5.0":
    version "0.5.0"
    resolved "https://registry.yarnpkg.com/@material/mwc-ripple/-/mwc-ripple-0.5.0.tgz#6520971df2ff067ef52121c3cc0c4d8960d61977"
    integrity sha512-vOB9ZpbBKnNsE+d4GoZIUoupk2am5kHBHqGkwSXXTt4c01SO0HRWkdNxayB2QAHgN56Xnsct0z0/pdfoZz7lKA==
    dependencies:
      "@material/mwc-base" "^0.5.0"
      "@material/ripple" "^1.0.0"
      lit-html "^1.0.0"
  
  "@material/ripple@^1.0.0", "@material/ripple@^1.1.0":
    version "1.1.0"
    resolved "https://registry.yarnpkg.com/@material/ripple/-/ripple-1.1.0.tgz#236016fb30c8366faf143297df2c38166d84ffbc"
    integrity sha512-mkfDBZAmxjpRG7V9TrfOmLxt1g/wvGHCXtYPgvH7W8ozjf53edqxLOFENEdvHbie27y9nyixzXn0gzU0HnxSeA==
    dependencies:
      "@material/animation" "^1.0.0"
      "@material/base" "^1.0.0"
      "@material/dom" "^1.1.0"
      "@material/feature-targeting" "^0.44.1"
      "@material/theme" "^1.1.0"
      tslib "^1.9.3"
  
  "@material/rtl@^0.42.0":
    version "0.42.0"
    resolved "https://registry.yarnpkg.com/@material/rtl/-/rtl-0.42.0.tgz#1836e78186c2d8b996f6fbf97adab203535335bc"
    integrity sha512-VrnrKJzhmspsN8WXHuxxBZ69yM5IwhCUqWr1t1eNfw3ZEvEj7i1g3P31HGowKThIN1dc1Wh4LE14rCISWCtv5w==
  
  "@material/shape@^1.1.1":
    version "1.1.1"
    resolved "https://registry.yarnpkg.com/@material/shape/-/shape-1.1.1.tgz#7a5368694bc3555e69ea547950904b46fa1024bf"
    integrity sha512-Jge/h1XBLjdLlam4QMSzVgM99e/N8+elQROPkltqVP7eyLc17BwM3aP5cLVfZDgrJgvsjUxbgAP1H1j8sqmUyg==
    dependencies:
      "@material/feature-targeting" "^0.44.1"
  
  "@material/theme@^1.1.0":
    version "1.1.0"
    resolved "https://registry.yarnpkg.com/@material/theme/-/theme-1.1.0.tgz#9c95dd804168c23c30589fcf09ecc5af5b3d1adc"
    integrity sha512-YYUV9Rhbx4r/EMb/zoOYJUWjhXChNaLlH1rqt3vpNVyxRcxGqoVMGp5u1XALBCFiD9dACPKLIkKyRYa928nmPQ==
    dependencies:
      "@material/feature-targeting" "^0.44.1"
  
  "@material/typography@^1.0.0":
    version "1.0.0"
    resolved "https://registry.yarnpkg.com/@material/typography/-/typography-1.0.0.tgz#327ecfcac5ee3af8a3a102f3f125a761202f4189"
    integrity sha512-Oeqbjci1cC7jTE8/n3dwnkqKe9ZeWiaE+rgMtRYtRFw1HvAw14SpGA5EEAS/Li2Hu2KZ50FYCe3HYqShfxtChA==
    dependencies:
      "@material/feature-targeting" "^0.44.1"
  
  "@types/estree@0.0.39":
    version "0.0.39"
    resolved "https://registry.yarnpkg.com/@types/estree/-/estree-0.0.39.tgz#e177e699ee1b8c22d23174caaa7422644389509f"
    integrity sha512-EYNwp3bU+98cpU4lAWYYL7Zz+2gryWH1qbdDTidVd6hkiR6weksdbMadyXKXNPEkQFhXM+hVO9ZygomHXp+AIw==
  
  "@types/node@^11.13.5":
    version "11.13.8"
    resolved "https://registry.yarnpkg.com/@types/node/-/node-11.13.8.tgz#e5d71173c95533be9842b2c798978f095f912aab"
    integrity sha512-szA3x/3miL90ZJxUCzx9haNbK5/zmPieGraZEe4WI+3srN0eGLiT22NXeMHmyhNEopn+IrxqMc7wdVwvPl8meg==
  
  acorn@^6.1.1:
    version "6.1.1"
    resolved "https://registry.yarnpkg.com/acorn/-/acorn-6.1.1.tgz#7d25ae05bb8ad1f9b699108e1094ecd7884adc1f"
    integrity sha512-jPTiwtOxaHNaAPg/dmrJ/beuzLRnXtB0kQPQ8JpotKJgTB6rX6c8mlf315941pyjBSaPg8NHXS9fhP4u17DpGA==
  
  ansi-styles@^3.2.1:
    version "3.2.1"
    resolved "https://registry.yarnpkg.com/ansi-styles/-/ansi-styles-3.2.1.tgz#41fbb20243e50b12be0f04b8dedbf07520ce841d"
    integrity sha512-VT0ZI6kZRdTh8YyJw3SMbYm/u+NqfsAxEpWO0Pf9sq8/e94WxxOpPKx9FR1FlyCtOVDNOQ+8ntlqFxiRc+r5qA==
    dependencies:
      color-convert "^1.9.0"
  
  buffer-from@^1.0.0:
    version "1.1.1"
    resolved "https://registry.yarnpkg.com/buffer-from/-/buffer-from-1.1.1.tgz#32713bc028f75c02fdb710d7c7bcec1f2c6070ef"
    integrity sha512-MQcXEUbCKtEo7bhqEs6560Hyd4XaovZlO/k9V3hjVUF/zwW7KBVdSK4gIt/bzwS9MbR5qob+F5jusZsb0YQK2A==
  
  chalk@^2.0.0:
    version "2.4.2"
    resolved "https://registry.yarnpkg.com/chalk/-/chalk-2.4.2.tgz#cd42541677a54333cf541a49108c1432b44c9424"
    integrity sha512-Mti+f9lpJNcwF4tWV8/OrTTtF1gZi+f8FqlyAdouralcFWFQWF2+NgCHShjkCb+IFBLq9buZwE1xckQU4peSuQ==
    dependencies:
      ansi-styles "^3.2.1"
      escape-string-regexp "^1.0.5"
      supports-color "^5.3.0"
  
  color-convert@^1.9.0:
    version "1.9.3"
    resolved "https://registry.yarnpkg.com/color-convert/-/color-convert-1.9.3.tgz#bb71850690e1f136567de629d2d5471deda4c1e8"
    integrity sha512-QfAUtd+vFdAtFQcC8CCyYt1fYWxSqAiK2cSD6zDB8N3cpsEBAvRxp9zOGg6G/SHHJYAT88/az/IuDGALsNVbGg==
    dependencies:
      color-name "1.1.3"
  
  color-name@1.1.3:
    version "1.1.3"
    resolved "https://registry.yarnpkg.com/color-name/-/color-name-1.1.3.tgz#a7d0558bd89c42f795dd42328f740831ca53bc25"
    integrity sha1-p9BVi9icQveV3UIyj3QIMcpTvCU=
  
  commander@^2.19.0:
    version "2.20.0"
    resolved "https://registry.yarnpkg.com/commander/-/commander-2.20.0.tgz#d58bb2b5c1ee8f87b0d340027e9e94e222c5a422"
    integrity sha512-7j2y+40w61zy6YC2iRNpUe/NwhNyoXrYpHMrSunaMG64nRnaf96zO/KMQR4OyN/UnE5KLyEBnKHd4aG3rskjpQ==
  
  core-util-is@~1.0.0:
    version "1.0.2"
    resolved "https://registry.yarnpkg.com/core-util-is/-/core-util-is-1.0.2.tgz#b5fd54220aa2bc5ab57aab7140c940754503c1a7"
    integrity sha1-tf1UIgqivFq1eqtxQMlAdUUDwac=
  
  escape-string-regexp@^1.0.5:
    version "1.0.5"
    resolved "https://registry.yarnpkg.com/escape-string-regexp/-/escape-string-regexp-1.0.5.tgz#1b61c0562190a8dff6ae3bb2cf0200ca130b86d4"
    integrity sha1-G2HAViGQqN/2rjuyzwIAyhMLhtQ=
  
  esutils@^2.0.2:
    version "2.0.2"
    resolved "https://registry.yarnpkg.com/esutils/-/esutils-2.0.2.tgz#0abf4f1caa5bcb1f7a9d8acc6dea4faaa04bac9b"
    integrity sha1-Cr9PHKpbyx96nYrMbepPqqBLrJs=
  
  has-flag@^3.0.0:
    version "3.0.0"
    resolved "https://registry.yarnpkg.com/has-flag/-/has-flag-3.0.0.tgz#b5d454dc2199ae225699f3467e5a07f3b955bafd"
    integrity sha1-tdRU3CGZriJWmfNGfloH87lVuv0=
  
  inherits@~2.0.3:
    version "2.0.3"
    resolved "https://registry.yarnpkg.com/inherits/-/inherits-2.0.3.tgz#633c2c83e3da42a502f52466022480f4208261de"
    integrity sha1-Yzwsg+PaQqUC9SRmAiSA9CCCYd4=
  
  isarray@~1.0.0:
    version "1.0.0"
    resolved "https://registry.yarnpkg.com/isarray/-/isarray-1.0.0.tgz#bb935d48582cba168c06834957a54a3e07124f11"
    integrity sha1-u5NdSFgsuhaMBoNJV6VKPgcSTxE=
  
  jest-worker@^24.0.0:
    version "24.6.0"
    resolved "https://registry.yarnpkg.com/jest-worker/-/jest-worker-24.6.0.tgz#7f81ceae34b7cde0c9827a6980c35b7cdc0161b3"
    integrity sha512-jDwgW5W9qGNvpI1tNnvajh0a5IE/PuGLFmHk6aR/BZFz8tSgGw17GsDPXAJ6p91IvYDjOw8GpFbvvZGAK+DPQQ==
    dependencies:
      merge-stream "^1.0.1"
      supports-color "^6.1.0"
  
  js-tokens@^4.0.0:
    version "4.0.0"
    resolved "https://registry.yarnpkg.com/js-tokens/-/js-tokens-4.0.0.tgz#19203fb59991df98e3a287050d4647cdeaf32499"
    integrity sha512-RdJUflcE3cUzKiMqQgsCu06FPu9UdIJO0beYbPhHN4k6apgJtifcoCtT9bcxOpYBtpD2kCM6Sbzg4CausW/PKQ==
  
  lit-element@^2.0.1:
    version "2.1.0"
    resolved "https://registry.yarnpkg.com/lit-element/-/lit-element-2.1.0.tgz#85bc3f1da0227f4b13de8a1be978229b9fa327e9"
    integrity sha512-0z/KHm1xZweivfOVRr8AKR06+D3k02u15m9s4jkuRdnGe5wfmEwePzrQQBsSZNILdnfJvfo3TJOeGhBCVZaPbw==
    dependencies:
      lit-html "^1.0.0"
  
  lit-html@^1.0.0:
    version "1.0.0"
    resolved "https://registry.yarnpkg.com/lit-html/-/lit-html-1.0.0.tgz#3dc3781a8ca68a9b5c2ff2a61e263662b9b2267b"
    integrity sha512-oeWlpLmBW3gFl7979Wol2LKITpmKTUFNn7PnFbh6YNynF61W74l6x5WhwItAwPRSATpexaX1egNnRzlN4GOtfQ==
  
  merge-stream@^1.0.1:
    version "1.0.1"
    resolved "https://registry.yarnpkg.com/merge-stream/-/merge-stream-1.0.1.tgz#4041202d508a342ba00174008df0c251b8c135e1"
    integrity sha1-QEEgLVCKNCugAXQAjfDCUbjBNeE=
    dependencies:
      readable-stream "^2.0.1"
  
  process-nextick-args@~2.0.0:
    version "2.0.0"
    resolved "https://registry.yarnpkg.com/process-nextick-args/-/process-nextick-args-2.0.0.tgz#a37d732f4271b4ab1ad070d35508e8290788ffaa"
    integrity sha512-MtEC1TqN0EU5nephaJ4rAtThHtC86dNN9qCuEhtshvpVBkAW5ZO7BASN9REnF9eoXGcRub+pFuKEpOHE+HbEMw==
  
  readable-stream@^2.0.1:
    version "2.3.6"
    resolved "https://registry.yarnpkg.com/readable-stream/-/readable-stream-2.3.6.tgz#b11c27d88b8ff1fbe070643cf94b0c79ae1b0aaf"
    integrity sha512-tQtKA9WIAhBF3+VLAseyMqZeBjW0AHJoxOtYqSUZNJxauErmLbVm2FW1y+J/YA9dUrAC39ITejlZWhVIwawkKw==
    dependencies:
      core-util-is "~1.0.0"
      inherits "~2.0.3"
      isarray "~1.0.0"
      process-nextick-args "~2.0.0"
      safe-buffer "~5.1.1"
      string_decoder "~1.1.1"
      util-deprecate "~1.0.1"
  
  rollup-plugin-resolve@^0.0.1-predev.1:
    version "0.0.1-predev.1"
    resolved "https://registry.yarnpkg.com/rollup-plugin-resolve/-/rollup-plugin-resolve-0.0.1-predev.1.tgz#cb7f19642a17419101c671e1a8c2cda7af7ac41d"
    integrity sha1-y38ZZCoXQZEBxnHhqMLNp696xB0=
  
  rollup-plugin-terser@^4.0.4:
    version "4.0.4"
    resolved "https://registry.yarnpkg.com/rollup-plugin-terser/-/rollup-plugin-terser-4.0.4.tgz#6f661ef284fa7c27963d242601691dc3d23f994e"
    integrity sha512-wPANT5XKVJJ8RDUN0+wIr7UPd0lIXBo4UdJ59VmlPCtlFsE20AM+14pe+tk7YunCsWEiuzkDBY3QIkSCjtrPXg==
    dependencies:
      "@babel/code-frame" "^7.0.0"
      jest-worker "^24.0.0"
      serialize-javascript "^1.6.1"
      terser "^3.14.1"
  
  rollup@^1.10.1:
    version "1.10.1"
    resolved "https://registry.yarnpkg.com/rollup/-/rollup-1.10.1.tgz#aeb763bbe98f707dc6496708db88372fa66687e7"
    integrity sha512-pW353tmBE7QP622ITkGxtqF0d5gSRCVPD9xqM+fcPjudeZfoXMFW2sCzsTe2TU/zU1xamIjiS9xuFCPVT9fESw==
    dependencies:
      "@types/estree" "0.0.39"
      "@types/node" "^11.13.5"
      acorn "^6.1.1"
  
  safe-buffer@~5.1.0, safe-buffer@~5.1.1:
    version "5.1.2"
    resolved "https://registry.yarnpkg.com/safe-buffer/-/safe-buffer-5.1.2.tgz#991ec69d296e0313747d59bdfd2b745c35f8828d"
    integrity sha512-Gd2UZBJDkXlY7GbJxfsE8/nvKkUEU1G38c1siN6QP6a9PT9MmHB8GnpscSmMJSoF8LOIrt8ud/wPtojys4G6+g==
  
  serialize-javascript@^1.6.1:
    version "1.7.0"
    resolved "https://registry.yarnpkg.com/serialize-javascript/-/serialize-javascript-1.7.0.tgz#d6e0dfb2a3832a8c94468e6eb1db97e55a192a65"
    integrity sha512-ke8UG8ulpFOxO8f8gRYabHQe/ZntKlcig2Mp+8+URDP1D8vJZ0KUt7LYo07q25Z/+JVSgpr/cui9PIp5H6/+nA==
  
  source-map-support@~0.5.10:
    version "0.5.12"
    resolved "https://registry.yarnpkg.com/source-map-support/-/source-map-support-0.5.12.tgz#b4f3b10d51857a5af0138d3ce8003b201613d599"
    integrity sha512-4h2Pbvyy15EE02G+JOZpUCmqWJuqrs+sEkzewTm++BPi7Hvn/HwcqLAcNxYAyI0x13CpPPn+kMjl+hplXMHITQ==
    dependencies:
      buffer-from "^1.0.0"
      source-map "^0.6.0"
  
  source-map@^0.6.0, source-map@~0.6.1:
    version "0.6.1"
    resolved "https://registry.yarnpkg.com/source-map/-/source-map-0.6.1.tgz#74722af32e9614e9c287a8d0bbde48b5e2f1a263"
    integrity sha512-UjgapumWlbMhkBgzT7Ykc5YXUT46F0iKu8SGXq0bcwP5dz/h0Plj6enJqjz1Zbq2l5WaqYnrVbwWOWMyF3F47g==
  
  string_decoder@~1.1.1:
    version "1.1.1"
    resolved "https://registry.yarnpkg.com/string_decoder/-/string_decoder-1.1.1.tgz#9cf1611ba62685d7030ae9e4ba34149c3af03fc8"
    integrity sha512-n/ShnvDi6FHbbVfviro+WojiFzv+s8MPMHBczVePfUpDJLwoLT0ht1l4YwBCbi8pJAveEEdnkHyPyTP/mzRfwg==
    dependencies:
      safe-buffer "~5.1.0"
  
  supports-color@^5.3.0:
    version "5.5.0"
    resolved "https://registry.yarnpkg.com/supports-color/-/supports-color-5.5.0.tgz#e2e69a44ac8772f78a1ec0b35b689df6530efc8f"
    integrity sha512-QjVjwdXIt408MIiAqCX4oUKsgU2EqAGzs2Ppkm4aQYbjm+ZEWEcW4SfFNTr4uMNZma0ey4f5lgLrkB0aX0QMow==
    dependencies:
      has-flag "^3.0.0"
  
  supports-color@^6.1.0:
    version "6.1.0"
    resolved "https://registry.yarnpkg.com/supports-color/-/supports-color-6.1.0.tgz#0764abc69c63d5ac842dd4867e8d025e880df8f3"
    integrity sha512-qe1jfm1Mg7Nq/NSh6XE24gPXROEVsWHxC1LIx//XNlD9iw7YZQGjZNjYN7xGaEG6iKdA8EtNFW6R0gjnVXp+wQ==
    dependencies:
      has-flag "^3.0.0"
  
  terser@^3.14.1:
    version "3.17.0"
    resolved "https://registry.yarnpkg.com/terser/-/terser-3.17.0.tgz#f88ffbeda0deb5637f9d24b0da66f4e15ab10cb2"
    integrity sha512-/FQzzPJmCpjAH9Xvk2paiWrFq+5M6aVOf+2KRbwhByISDX/EujxsK+BAvrhb6H+2rtrLCHK9N01wO014vrIwVQ==
    dependencies:
      commander "^2.19.0"
      source-map "~0.6.1"
      source-map-support "~0.5.10"
  
  tslib@^1.9.3:
    version "1.9.3"
    resolved "https://registry.yarnpkg.com/tslib/-/tslib-1.9.3.tgz#d7e4dd79245d85428c4d7e4822a79917954ca286"
    integrity sha512-4krF8scpejhaOgqzBEcGM7yDIEfi0/8+8zDRZhNZZ2kjmHJ4hv3zCbQWxoJGz1iw5U0Jl0nma13xzHXcncMavQ==
  
  util-deprecate@~1.0.1:
    version "1.0.2"
    resolved "https://registry.yarnpkg.com/util-deprecate/-/util-deprecate-1.0.2.tgz#450d4dc9fa70de732762fbd2d4a28981419a0ccf"
    integrity sha1-RQ1Nyfpw3nMnYvvS1KKJgUGaDM8=
